<?xml version="1.0" encoding="UTF-8"?>
<testng-results skipped="0" failed="1" total="1" passed="0">
  <reporter-output>
  </reporter-output>
  <suite name="Default suite" duration-ms="31640" started-at="2018-10-22T07:33:12Z" finished-at="2018-10-22T07:33:44Z">
    <groups>
    </groups>
    <test name="Default test" duration-ms="31640" started-at="2018-10-22T07:33:12Z" finished-at="2018-10-22T07:33:44Z">
      <class name="com.admin.testcases.HomePageTest">
        <test-method status="PASS" signature="extentInit()[pri:0, instance:com.admin.testcases.HomePageTest@29774679]" name="extentInit" is-config="true" duration-ms="234" started-at="2018-10-22T13:03:12Z" finished-at="2018-10-22T13:03:13Z">
          <reporter-output>
          </reporter-output>
        </test-method> <!-- extentInit -->
        <test-method status="PASS" signature="setUp()[pri:0, instance:com.admin.testcases.HomePageTest@29774679]" name="setUp" is-config="true" duration-ms="30012" started-at="2018-10-22T13:03:13Z" finished-at="2018-10-22T13:03:43Z">
          <reporter-output>
          </reporter-output>
        </test-method> <!-- setUp -->
        <test-method status="FAIL" signature="homePageTitleTest()[pri:0, instance:com.admin.testcases.HomePageTest@29774679]" name="homePageTitleTest" duration-ms="44" started-at="2018-10-22T13:03:43Z" finished-at="2018-10-22T13:03:43Z">
          <exception class="java.lang.AssertionError">
            <message>
              <![CDATA[expected [AdminLTE 2 | Dashboardjbbb] but found [AdminLTE 2 | Dashboard]]]>
            </message>
            <full-stacktrace>
              <![CDATA[java.lang.AssertionError: expected [AdminLTE 2 | Dashboardjbbb] but found [AdminLTE 2 | Dashboard]
	at org.testng.Assert.fail(Assert.java:94)
	at org.testng.Assert.failNotEquals(Assert.java:513)
	at org.testng.Assert.assertEqualsImpl(Assert.java:135)
	at org.testng.Assert.assertEquals(Assert.java:116)
	at org.testng.Assert.assertEquals(Assert.java:190)
	at org.testng.Assert.assertEquals(Assert.java:200)
	at com.admin.testcases.HomePageTest.homePageTitleTest(HomePageTest.java:47)
	at sun.reflect.NativeMethodAccessorImpl.invoke0(Native Method)
	at sun.reflect.NativeMethodAccessorImpl.invoke(NativeMethodAccessorImpl.java:62)
	at sun.reflect.DelegatingMethodAccessorImpl.invoke(DelegatingMethodAccessorImpl.java:43)
	at java.lang.reflect.Method.invoke(Method.java:498)
	at org.testng.internal.MethodInvocationHelper.invokeMethod(MethodInvocationHelper.java:86)
	at org.testng.internal.Invoker.invokeMethod(Invoker.java:643)
	at org.testng.internal.Invoker.invokeTestMethod(Invoker.java:820)
	at org.testng.internal.Invoker.invokeTestMethods(Invoker.java:1128)
	at org.testng.internal.TestMethodWorker.invokeTestMethods(TestMethodWorker.java:129)
	at org.testng.internal.TestMethodWorker.run(TestMethodWorker.java:112)
	at org.testng.TestRunner.privateRun(TestRunner.java:782)
	at org.testng.TestRunner.run(TestRunner.java:632)
	at org.testng.SuiteRunner.runTest(SuiteRunner.java:366)
	at org.testng.SuiteRunner.runSequentially(SuiteRunner.java:361)
	at org.testng.SuiteRunner.privateRun(SuiteRunner.java:319)
	at org.testng.SuiteRunner.run(SuiteRunner.java:268)
	at org.testng.SuiteRunnerWorker.runSuite(SuiteRunnerWorker.java:52)
	at org.testng.SuiteRunnerWorker.run(SuiteRunnerWorker.java:86)
	at org.testng.TestNG.runSuitesSequentially(TestNG.java:1244)
	at org.testng.TestNG.runSuitesLocally(TestNG.java:1169)
	at org.testng.TestNG.run(TestNG.java:1064)
	at org.testng.remote.AbstractRemoteTestNG.run(AbstractRemoteTestNG.java:114)
	at org.testng.remote.RemoteTestNG.initAndRun(RemoteTestNG.java:251)
	at org.testng.remote.RemoteTestNG.main(RemoteTestNG.java:77)
]]>
            </full-stacktrace>
          </exception> <!-- java.lang.AssertionError -->
          <reporter-output>
          </reporter-output>
        </test-method> <!-- homePageTitleTest -->
        <test-method status="PASS" signature="tearDown(org.testng.ITestResult)[pri:0, instance:com.admin.testcases.HomePageTest@29774679]" name="tearDown" is-config="true" duration-ms="596" started-at="2018-10-22T13:03:43Z" finished-at="2018-10-22T13:03:43Z">
          <params>
            <param index="0">
              <value>
                <![CDATA[[TestResult name=homePageTitleTest status=FAILURE method=HomePageTest.homePageTitleTest()[pri:0, instance:com.admin.testcases.HomePageTest@29774679] output={null}]]]>
              </value>
            </param>
          </params>
          <reporter-output>
          </reporter-output>
        </test-method> <!-- tearDown -->
        <test-method status="PASS" signature="extentEnd()[pri:0, instance:com.admin.testcases.HomePageTest@29774679]" name="extentEnd" is-config="true" duration-ms="730" started-at="2018-10-22T13:03:43Z" finished-at="2018-10-22T13:03:44Z">
          <reporter-output>
          </reporter-output>
        </test-method> <!-- extentEnd -->
      </class> <!-- com.admin.testcases.HomePageTest -->
    </test> <!-- Default test -->
  </suite> <!-- Default suite -->
</testng-results>
